Iteration: 2, Size: 2048, Threads: 1
GaussSeidelSOR X 2048 Y 2048 Px 1 Py 1 Iter 256 ComputationTime 18.614775 TotalTime 18.615546 midpoint 0.000000
Iteration: 2, Size: 2048, Threads: 2
GaussSeidelSOR X 2048 Y 2048 Px 1 Py 2 Iter 256 ComputationTime 9.314058 TotalTime 9.574426 midpoint 0.000000
Iteration: 2, Size: 2048, Threads: 4
GaussSeidelSOR X 2048 Y 2048 Px 2 Py 2 Iter 256 ComputationTime 4.661719 TotalTime 4.879312 midpoint 0.000000
Iteration: 2, Size: 2048, Threads: 8
GaussSeidelSOR X 2048 Y 2048 Px 2 Py 4 Iter 256 ComputationTime 2.330981 TotalTime 2.567463 midpoint 0.000000
Iteration: 2, Size: 2048, Threads: 16
GaussSeidelSOR X 2048 Y 2048 Px 4 Py 4 Iter 256 ComputationTime 1.634109 TotalTime 1.736429 midpoint 0.000000
Iteration: 2, Size: 2048, Threads: 32
GaussSeidelSOR X 2048 Y 2048 Px 4 Py 8 Iter 256 ComputationTime 0.589510 TotalTime 0.738522 midpoint 0.000000
Iteration: 2, Size: 2048, Threads: 64
GaussSeidelSOR X 2048 Y 2048 Px 8 Py 8 Iter 256 ComputationTime 0.124229 TotalTime 0.288054 midpoint 0.000000
Iteration: 2, Size: 4096, Threads: 1
GaussSeidelSOR X 4096 Y 4096 Px 1 Py 1 Iter 256 ComputationTime 74.568765 TotalTime 74.569616 midpoint 0.000000
Iteration: 2, Size: 4096, Threads: 2
GaussSeidelSOR X 4096 Y 4096 Px 1 Py 2 Iter 256 ComputationTime 37.291520 TotalTime 37.677512 midpoint 0.000000
Iteration: 2, Size: 4096, Threads: 4
GaussSeidelSOR X 4096 Y 4096 Px 2 Py 2 Iter 256 ComputationTime 18.646486 TotalTime 18.940107 midpoint 0.000000
Iteration: 2, Size: 4096, Threads: 8
GaussSeidelSOR X 4096 Y 4096 Px 2 Py 4 Iter 256 ComputationTime 9.399915 TotalTime 9.661175 midpoint 0.000000
Iteration: 2, Size: 4096, Threads: 16
GaussSeidelSOR X 4096 Y 4096 Px 4 Py 4 Iter 256 ComputationTime 7.441672 TotalTime 7.660668 midpoint 0.000000
Iteration: 2, Size: 4096, Threads: 32
GaussSeidelSOR X 4096 Y 4096 Px 4 Py 8 Iter 256 ComputationTime 7.219007 TotalTime 7.469328 midpoint 0.000000
Iteration: 2, Size: 4096, Threads: 64
GaussSeidelSOR X 4096 Y 4096 Px 8 Py 8 Iter 256 ComputationTime 6.355427 TotalTime 6.686439 midpoint 0.000000
Iteration: 2, Size: 6144, Threads: 1
GaussSeidelSOR X 6144 Y 6144 Px 1 Py 1 Iter 256 ComputationTime 167.445201 TotalTime 167.446145 midpoint 0.000000
Iteration: 2, Size: 6144, Threads: 2
GaussSeidelSOR X 6144 Y 6144 Px 1 Py 2 Iter 256 ComputationTime 83.824837 TotalTime 84.402581 midpoint 0.000000
Iteration: 2, Size: 6144, Threads: 4
GaussSeidelSOR X 6144 Y 6144 Px 2 Py 2 Iter 256 ComputationTime 41.933494 TotalTime 42.330539 midpoint 0.000000
Iteration: 2, Size: 6144, Threads: 8
GaussSeidelSOR X 6144 Y 6144 Px 2 Py 4 Iter 256 ComputationTime 21.129651 TotalTime 21.451518 midpoint 0.000000
Iteration: 2, Size: 6144, Threads: 16
GaussSeidelSOR X 6144 Y 6144 Px 4 Py 4 Iter 256 ComputationTime 16.755949 TotalTime 17.045436 midpoint 0.000000
Iteration: 2, Size: 6144, Threads: 32
GaussSeidelSOR X 6144 Y 6144 Px 4 Py 8 Iter 256 ComputationTime 16.812505 TotalTime 17.170924 midpoint 0.000000
Iteration: 2, Size: 6144, Threads: 64
--------------------------------------------------------------------------
mpirun noticed that process rank 15 with PID 32677 on node clone10 exited on signal 9 (Killed).
--------------------------------------------------------------------------
2 total processes killed (some possibly by mpirun during cleanup)
