Running with 1 MPI processes
dataset_size = 256.00 MB    numObjs = 2097152    numCoords = 16    numClusters = 32
        nloops =  10   (total = 29.0096s)  (per loop =  2.9010s)
Final cluster centers:
clusters[0] = 2.798273 6.428418 6.887084 2.641279 6.578048 5.920273 5.856987 6.828082 5.740315 4.152650 4.258947 5.759435 3.737617 2.801071 4.918962 3.132760 
clusters[1] = 3.552150 2.833832 3.819336 5.002143 3.780558 2.975724 6.883406 6.894665 5.389855 2.843641 3.989310 6.620735 6.952196 6.710022 5.312712 5.372720 
clusters[2] = 3.783895 4.782357 4.598741 4.778968 2.655243 6.114644 3.381152 3.065690 7.505885 3.798322 3.974275 5.957004 3.193824 6.781485 4.163973 2.655234 
clusters[3] = 2.895131 5.184623 6.642441 2.911651 3.432307 3.697879 5.629934 3.435761 2.354961 6.087487 5.286562 6.179381 3.324253 6.583479 3.507887 5.595165 
clusters[4] = 3.923963 6.960055 3.569463 6.750576 6.304470 5.367795 2.946484 3.342394 4.208555 6.590344 4.858193 2.828338 5.543620 5.710061 7.335562 6.581658 
clusters[5] = 2.949266 3.543615 6.357132 6.797474 5.672469 4.035328 4.438308 3.286090 4.017342 6.651622 5.530431 7.006169 7.250884 5.557873 6.914188 3.152761 
clusters[6] = 4.800177 4.195654 7.428669 7.073124 4.813012 6.317592 7.180347 3.088254 5.399177 3.304828 6.028810 6.715615 3.315453 4.370459 6.772780 6.480089 
clusters[7] = 3.544625 7.174574 2.723750 6.684136 3.963811 5.073094 3.740740 5.368416 5.286353 4.477932 7.030222 7.369288 3.587659 2.816340 6.278289 4.500959 
clusters[8] = 3.463901 6.573538 3.934404 4.060445 7.134895 6.332542 6.882344 2.805445 6.605462 3.457944 6.639670 4.187313 6.542631 6.699671 4.178244 5.782887 
clusters[9] = 4.719371 2.629789 6.949568 5.438867 7.523203 5.773202 3.995866 5.251806 5.811720 5.188459 3.142410 2.605136 4.647586 7.192931 4.015556 3.478945 
clusters[10] = 3.439420 4.430854 3.582022 5.192193 6.938449 3.959568 4.845187 5.936069 7.102443 7.307745 3.281081 6.936528 3.224500 6.223324 3.931917 6.835327 
clusters[11] = 3.428920 5.517449 3.579583 6.108808 2.792697 6.200348 6.797617 4.779535 4.390813 7.245515 3.189772 4.055138 6.603790 3.666835 2.919870 6.614970 
clusters[12] = 3.649261 6.642001 6.556141 6.871287 3.306168 3.979289 3.804618 6.216936 3.683097 2.768943 3.217328 3.575964 6.668082 4.512083 3.316296 3.620030 
clusters[13] = 4.701028 3.126234 3.074367 4.576653 3.590308 7.027722 6.420641 7.198946 5.470604 3.319400 5.402637 2.999231 3.009455 4.331698 5.798539 6.858075 
clusters[14] = 5.481199 3.581125 6.654427 6.053328 2.764212 4.571352 3.012669 6.950421 4.010817 6.752112 5.189355 3.339527 3.435150 3.296553 6.771672 3.547068 
clusters[15] = 5.347659 6.454663 7.525029 4.916424 4.267081 7.436911 4.825404 7.423692 6.281663 4.770139 5.482802 4.335128 6.994788 7.159336 6.182416 6.585636 
clusters[16] = 4.150052 6.426984 2.955982 3.639030 4.498411 3.802958 6.034992 7.350220 6.500068 6.267068 7.100925 2.888640 6.484116 5.328454 5.749487 2.957916 
clusters[17] = 5.241159 3.340587 5.293481 3.102750 3.973354 3.488397 4.006401 3.014553 7.180771 6.966253 6.783565 2.877146 3.756846 4.460214 4.446465 6.664494 
clusters[18] = 5.006209 3.967004 6.798041 5.872313 6.993611 4.827913 6.352785 7.129796 2.859259 6.378219 6.562410 5.076042 6.568771 3.005129 3.697383 7.098524 
clusters[19] = 5.274477 4.199414 3.454485 3.688511 5.971478 3.482451 3.553588 3.209952 2.797177 3.101012 6.985973 3.747836 6.603118 3.479058 3.181995 3.983694 
clusters[20] = 6.879363 6.978765 6.024861 5.224587 6.407308 6.958994 4.343660 3.328413 4.115156 4.558510 3.138391 4.137419 2.933528 3.150562 2.849141 6.320299 
clusters[21] = 5.483875 3.496782 3.335512 5.913706 6.261598 3.302347 7.273561 3.322327 4.041870 3.861237 3.304652 3.512737 3.334932 3.640654 6.729600 3.401026 
clusters[22] = 6.160133 4.046946 3.659117 3.260542 2.904373 7.057369 3.492230 3.137485 4.265294 4.151717 3.140355 5.967071 7.060650 4.919150 6.039643 7.003453 
clusters[23] = 7.023402 6.779015 6.996850 3.461830 3.245968 3.945637 7.036337 2.933584 5.725302 5.730657 4.034759 4.719570 6.301844 4.903689 6.797272 3.285686 
clusters[24] = 0.000007 0.000003 0.000010 0.000005 0.000005 0.000003 0.000005 0.000005 0.000004 0.000002 0.000004 0.000004 0.000004 0.000001 0.000004 0.000004 
clusters[25] = 7.073940 3.612577 4.082389 6.325921 5.336444 7.018498 6.052820 4.510973 7.151182 6.910429 5.562657 6.291489 5.892913 3.243885 3.412275 2.685620 
clusters[26] = 6.855905 4.693331 6.148020 6.098178 5.132694 3.044346 3.127612 4.940500 7.611081 3.328109 5.893746 6.561902 6.967830 3.646962 3.443765 6.257648 
clusters[27] = 6.635755 4.750635 3.111105 5.932248 4.752441 7.332536 4.329126 6.194593 2.592756 4.312624 6.039026 6.009610 3.818136 7.389794 3.556256 3.033251 
clusters[28] = 7.126813 6.978484 5.320921 6.805924 4.538362 2.779437 6.889489 6.116103 4.613800 5.624221 6.808073 4.299257 3.105848 6.971625 3.353937 5.632080 
clusters[29] = 6.498735 3.375281 5.740588 2.701933 7.056884 6.473406 3.417241 5.239666 4.010018 5.596638 7.526857 6.994172 4.484454 5.706369 7.130044 5.671344 
clusters[30] = 6.890266 5.782467 3.088361 3.483366 6.738200 4.193649 4.971701 6.894354 3.468459 6.828522 2.539252 6.441713 6.943323 4.943240 5.511888 3.631349 
clusters[31] = 6.703122 6.486454 5.068865 3.811450 5.663887 2.581865 3.330547 6.332309 4.742141 2.764404 3.249429 5.316234 3.005982 5.802938 6.871773 6.685990 
Running with 2 MPI processes
dataset_size = 256.00 MB    numObjs = 2097152    numCoords = 16    numClusters = 32
        nloops =  10   (total = 14.5777s)  (per loop =  1.4578s)
Final cluster centers:
clusters[0] = 2.798273 6.428418 6.887084 2.641279 6.578048 5.920273 5.856987 6.828082 5.740315 4.152650 4.258947 5.759435 3.737617 2.801071 4.918962 3.132760 
clusters[1] = 3.552150 2.833832 3.819336 5.002143 3.780558 2.975724 6.883406 6.894665 5.389855 2.843641 3.989310 6.620735 6.952196 6.710022 5.312712 5.372720 
clusters[2] = 3.783895 4.782357 4.598741 4.778968 2.655243 6.114644 3.381152 3.065690 7.505885 3.798322 3.974275 5.957004 3.193824 6.781485 4.163973 2.655234 
clusters[3] = 2.895131 5.184623 6.642441 2.911651 3.432307 3.697879 5.629934 3.435761 2.354961 6.087487 5.286562 6.179381 3.324253 6.583479 3.507887 5.595165 
clusters[4] = 3.923963 6.960055 3.569463 6.750576 6.304470 5.367795 2.946484 3.342394 4.208555 6.590344 4.858193 2.828338 5.543620 5.710061 7.335562 6.581658 
clusters[5] = 2.949266 3.543615 6.357132 6.797474 5.672469 4.035328 4.438308 3.286090 4.017342 6.651622 5.530431 7.006169 7.250884 5.557873 6.914188 3.152761 
clusters[6] = 4.800177 4.195654 7.428669 7.073124 4.813012 6.317592 7.180347 3.088254 5.399177 3.304828 6.028810 6.715615 3.315453 4.370459 6.772780 6.480089 
clusters[7] = 3.544625 7.174574 2.723750 6.684136 3.963811 5.073094 3.740740 5.368416 5.286353 4.477932 7.030222 7.369288 3.587659 2.816340 6.278289 4.500959 
clusters[8] = 3.463901 6.573538 3.934404 4.060445 7.134895 6.332542 6.882344 2.805445 6.605462 3.457944 6.639670 4.187313 6.542631 6.699671 4.178244 5.782887 
clusters[9] = 4.719371 2.629789 6.949568 5.438867 7.523203 5.773202 3.995866 5.251806 5.811720 5.188459 3.142410 2.605136 4.647586 7.192931 4.015556 3.478945 
clusters[10] = 3.439420 4.430854 3.582022 5.192193 6.938449 3.959568 4.845187 5.936069 7.102443 7.307745 3.281081 6.936528 3.224500 6.223324 3.931917 6.835327 
clusters[11] = 3.428920 5.517449 3.579583 6.108808 2.792697 6.200348 6.797617 4.779535 4.390813 7.245515 3.189772 4.055138 6.603790 3.666835 2.919870 6.614970 
clusters[12] = 3.649261 6.642001 6.556141 6.871287 3.306168 3.979289 3.804618 6.216936 3.683097 2.768943 3.217328 3.575964 6.668082 4.512083 3.316296 3.620030 
clusters[13] = 4.701028 3.126234 3.074367 4.576653 3.590308 7.027722 6.420641 7.198946 5.470604 3.319400 5.402637 2.999231 3.009455 4.331698 5.798539 6.858075 
clusters[14] = 5.481199 3.581125 6.654427 6.053328 2.764212 4.571352 3.012669 6.950421 4.010817 6.752112 5.189355 3.339527 3.435150 3.296553 6.771672 3.547068 
clusters[15] = 5.347659 6.454663 7.525029 4.916424 4.267081 7.436911 4.825404 7.423692 6.281663 4.770139 5.482802 4.335128 6.994788 7.159336 6.182416 6.585636 
clusters[16] = 4.150052 6.426984 2.955982 3.639030 4.498411 3.802958 6.034992 7.350220 6.500068 6.267068 7.100925 2.888640 6.484116 5.328454 5.749487 2.957916 
clusters[17] = 5.241159 3.340587 5.293481 3.102750 3.973354 3.488397 4.006401 3.014553 7.180771 6.966253 6.783565 2.877146 3.756846 4.460214 4.446465 6.664494 
clusters[18] = 5.006209 3.967004 6.798041 5.872313 6.993611 4.827913 6.352785 7.129796 2.859259 6.378219 6.562410 5.076042 6.568771 3.005129 3.697383 7.098524 
clusters[19] = 5.274477 4.199414 3.454485 3.688511 5.971478 3.482451 3.553588 3.209952 2.797177 3.101012 6.985973 3.747836 6.603118 3.479058 3.181995 3.983694 
clusters[20] = 6.879363 6.978765 6.024861 5.224587 6.407308 6.958994 4.343660 3.328413 4.115156 4.558510 3.138391 4.137419 2.933528 3.150562 2.849141 6.320299 
clusters[21] = 5.483875 3.496782 3.335512 5.913706 6.261598 3.302347 7.273561 3.322327 4.041870 3.861237 3.304652 3.512737 3.334932 3.640654 6.729600 3.401026 
clusters[22] = 6.160133 4.046946 3.659117 3.260542 2.904373 7.057369 3.492230 3.137485 4.265294 4.151717 3.140355 5.967071 7.060650 4.919150 6.039643 7.003453 
clusters[23] = 7.023402 6.779015 6.996850 3.461830 3.245968 3.945637 7.036337 2.933584 5.725302 5.730657 4.034759 4.719570 6.301844 4.903689 6.797272 3.285686 
clusters[24] = 0.000007 0.000003 0.000010 0.000005 0.000005 0.000003 0.000005 0.000005 0.000004 0.000002 0.000004 0.000004 0.000004 0.000001 0.000004 0.000004 
clusters[25] = 7.073940 3.612577 4.082389 6.325921 5.336444 7.018498 6.052820 4.510973 7.151182 6.910429 5.562657 6.291489 5.892913 3.243885 3.412275 2.685620 
clusters[26] = 6.855905 4.693331 6.148020 6.098178 5.132694 3.044346 3.127612 4.940500 7.611081 3.328109 5.893746 6.561902 6.967830 3.646962 3.443765 6.257648 
clusters[27] = 6.635755 4.750635 3.111105 5.932248 4.752441 7.332536 4.329126 6.194593 2.592756 4.312624 6.039026 6.009610 3.818136 7.389794 3.556256 3.033251 
clusters[28] = 7.126813 6.978484 5.320921 6.805924 4.538362 2.779437 6.889489 6.116103 4.613800 5.624221 6.808073 4.299257 3.105848 6.971625 3.353937 5.632080 
clusters[29] = 6.498735 3.375281 5.740588 2.701933 7.056884 6.473406 3.417241 5.239666 4.010018 5.596638 7.526857 6.994172 4.484454 5.706369 7.130044 5.671344 
clusters[30] = 6.890266 5.782467 3.088361 3.483366 6.738200 4.193649 4.971701 6.894354 3.468459 6.828522 2.539252 6.441713 6.943323 4.943240 5.511888 3.631349 
clusters[31] = 6.703122 6.486454 5.068865 3.811450 5.663887 2.581865 3.330547 6.332309 4.742141 2.764404 3.249429 5.316234 3.005982 5.802938 6.871773 6.685990 
Running with 4 MPI processes
dataset_size = 256.00 MB    numObjs = 2097152    numCoords = 16    numClusters = 32
        nloops =  10   (total =  7.3103s)  (per loop =  0.7310s)
Final cluster centers:
clusters[0] = 2.798273 6.428418 6.887084 2.641279 6.578048 5.920273 5.856987 6.828082 5.740315 4.152650 4.258947 5.759435 3.737617 2.801071 4.918962 3.132760 
clusters[1] = 3.552150 2.833832 3.819336 5.002143 3.780558 2.975724 6.883406 6.894665 5.389855 2.843641 3.989310 6.620735 6.952196 6.710022 5.312712 5.372720 
clusters[2] = 3.783895 4.782357 4.598741 4.778968 2.655243 6.114644 3.381152 3.065690 7.505885 3.798322 3.974275 5.957004 3.193824 6.781485 4.163973 2.655234 
clusters[3] = 2.895131 5.184623 6.642441 2.911651 3.432307 3.697879 5.629934 3.435761 2.354961 6.087487 5.286562 6.179381 3.324253 6.583479 3.507887 5.595165 
clusters[4] = 3.923963 6.960055 3.569463 6.750576 6.304470 5.367795 2.946484 3.342394 4.208555 6.590344 4.858193 2.828338 5.543620 5.710061 7.335562 6.581658 
clusters[5] = 2.949266 3.543615 6.357132 6.797474 5.672469 4.035328 4.438308 3.286090 4.017342 6.651622 5.530431 7.006169 7.250884 5.557873 6.914188 3.152761 
clusters[6] = 4.800177 4.195654 7.428669 7.073124 4.813012 6.317592 7.180347 3.088254 5.399177 3.304828 6.028810 6.715615 3.315453 4.370459 6.772780 6.480089 
clusters[7] = 3.544625 7.174574 2.723750 6.684136 3.963811 5.073094 3.740740 5.368416 5.286353 4.477932 7.030222 7.369288 3.587659 2.816340 6.278289 4.500959 
clusters[8] = 3.463901 6.573538 3.934404 4.060445 7.134895 6.332542 6.882344 2.805445 6.605462 3.457944 6.639670 4.187313 6.542631 6.699671 4.178244 5.782887 
clusters[9] = 4.719371 2.629789 6.949568 5.438867 7.523203 5.773202 3.995866 5.251806 5.811720 5.188459 3.142410 2.605136 4.647586 7.192931 4.015556 3.478945 
clusters[10] = 3.439420 4.430854 3.582022 5.192193 6.938449 3.959568 4.845187 5.936069 7.102443 7.307745 3.281081 6.936528 3.224500 6.223324 3.931917 6.835327 
clusters[11] = 3.428920 5.517449 3.579583 6.108808 2.792697 6.200348 6.797617 4.779535 4.390813 7.245515 3.189772 4.055138 6.603790 3.666835 2.919870 6.614970 
clusters[12] = 3.649261 6.642001 6.556141 6.871287 3.306168 3.979289 3.804618 6.216936 3.683097 2.768943 3.217328 3.575964 6.668082 4.512083 3.316296 3.620030 
clusters[13] = 4.701028 3.126234 3.074367 4.576653 3.590308 7.027722 6.420641 7.198946 5.470604 3.319400 5.402637 2.999231 3.009455 4.331698 5.798539 6.858075 
clusters[14] = 5.481199 3.581125 6.654427 6.053328 2.764212 4.571352 3.012669 6.950421 4.010817 6.752112 5.189355 3.339527 3.435150 3.296553 6.771672 3.547068 
clusters[15] = 5.347659 6.454663 7.525029 4.916424 4.267081 7.436911 4.825404 7.423692 6.281663 4.770139 5.482802 4.335128 6.994788 7.159336 6.182416 6.585636 
clusters[16] = 4.150052 6.426984 2.955982 3.639030 4.498411 3.802958 6.034992 7.350220 6.500068 6.267068 7.100925 2.888640 6.484116 5.328454 5.749487 2.957916 
clusters[17] = 5.241159 3.340587 5.293481 3.102750 3.973354 3.488397 4.006401 3.014553 7.180771 6.966253 6.783565 2.877146 3.756846 4.460214 4.446465 6.664494 
clusters[18] = 5.006209 3.967004 6.798041 5.872313 6.993611 4.827913 6.352785 7.129796 2.859259 6.378219 6.562410 5.076042 6.568771 3.005129 3.697383 7.098524 
clusters[19] = 5.274477 4.199414 3.454485 3.688511 5.971478 3.482451 3.553588 3.209952 2.797177 3.101012 6.985973 3.747836 6.603118 3.479058 3.181995 3.983694 
clusters[20] = 6.879363 6.978765 6.024861 5.224587 6.407308 6.958994 4.343660 3.328413 4.115156 4.558510 3.138391 4.137419 2.933528 3.150562 2.849141 6.320299 
clusters[21] = 5.483875 3.496782 3.335512 5.913706 6.261598 3.302347 7.273561 3.322327 4.041870 3.861237 3.304652 3.512737 3.334932 3.640654 6.729600 3.401026 
clusters[22] = 6.160133 4.046946 3.659117 3.260542 2.904373 7.057369 3.492230 3.137485 4.265294 4.151717 3.140355 5.967071 7.060650 4.919150 6.039643 7.003453 
clusters[23] = 7.023402 6.779015 6.996850 3.461830 3.245968 3.945637 7.036337 2.933584 5.725302 5.730657 4.034759 4.719570 6.301844 4.903689 6.797272 3.285686 
clusters[24] = 0.000007 0.000003 0.000010 0.000005 0.000005 0.000003 0.000005 0.000005 0.000004 0.000002 0.000004 0.000004 0.000004 0.000001 0.000004 0.000004 
clusters[25] = 7.073940 3.612577 4.082389 6.325921 5.336444 7.018498 6.052820 4.510973 7.151182 6.910429 5.562657 6.291489 5.892913 3.243885 3.412275 2.685620 
clusters[26] = 6.855905 4.693331 6.148020 6.098178 5.132694 3.044346 3.127612 4.940500 7.611081 3.328109 5.893746 6.561902 6.967830 3.646962 3.443765 6.257648 
clusters[27] = 6.635755 4.750635 3.111105 5.932248 4.752441 7.332536 4.329126 6.194593 2.592756 4.312624 6.039026 6.009610 3.818136 7.389794 3.556256 3.033251 
clusters[28] = 7.126813 6.978484 5.320921 6.805924 4.538362 2.779437 6.889489 6.116103 4.613800 5.624221 6.808073 4.299257 3.105848 6.971625 3.353937 5.632080 
clusters[29] = 6.498735 3.375281 5.740588 2.701933 7.056884 6.473406 3.417241 5.239666 4.010018 5.596638 7.526857 6.994172 4.484454 5.706369 7.130044 5.671344 
clusters[30] = 6.890266 5.782467 3.088361 3.483366 6.738200 4.193649 4.971701 6.894354 3.468459 6.828522 2.539252 6.441713 6.943323 4.943240 5.511888 3.631349 
clusters[31] = 6.703122 6.486454 5.068865 3.811450 5.663887 2.581865 3.330547 6.332309 4.742141 2.764404 3.249429 5.316234 3.005982 5.802938 6.871773 6.685990 
Running with 8 MPI processes
dataset_size = 256.00 MB    numObjs = 2097152    numCoords = 16    numClusters = 32
        nloops =  10   (total =  3.6662s)  (per loop =  0.3666s)
Final cluster centers:
clusters[0] = 2.798273 6.428418 6.887084 2.641279 6.578048 5.920273 5.856987 6.828082 5.740315 4.152650 4.258947 5.759435 3.737617 2.801071 4.918962 3.132760 
clusters[1] = 3.552150 2.833832 3.819336 5.002143 3.780558 2.975724 6.883406 6.894665 5.389855 2.843641 3.989310 6.620735 6.952196 6.710022 5.312712 5.372720 
clusters[2] = 3.783895 4.782357 4.598741 4.778968 2.655243 6.114644 3.381152 3.065690 7.505885 3.798322 3.974275 5.957004 3.193824 6.781485 4.163973 2.655234 
clusters[3] = 2.895131 5.184623 6.642441 2.911651 3.432307 3.697879 5.629934 3.435761 2.354961 6.087487 5.286562 6.179381 3.324253 6.583479 3.507887 5.595165 
clusters[4] = 3.923963 6.960055 3.569463 6.750576 6.304470 5.367795 2.946484 3.342394 4.208555 6.590344 4.858193 2.828338 5.543620 5.710061 7.335562 6.581658 
clusters[5] = 2.949266 3.543615 6.357132 6.797474 5.672469 4.035328 4.438308 3.286090 4.017342 6.651622 5.530431 7.006169 7.250884 5.557873 6.914188 3.152761 
clusters[6] = 4.800177 4.195654 7.428669 7.073124 4.813012 6.317592 7.180347 3.088254 5.399177 3.304828 6.028810 6.715615 3.315453 4.370459 6.772780 6.480089 
clusters[7] = 3.544625 7.174574 2.723750 6.684136 3.963811 5.073094 3.740740 5.368416 5.286353 4.477932 7.030222 7.369288 3.587659 2.816340 6.278289 4.500959 
clusters[8] = 3.463901 6.573538 3.934404 4.060445 7.134895 6.332542 6.882344 2.805445 6.605462 3.457944 6.639670 4.187313 6.542631 6.699671 4.178244 5.782887 
clusters[9] = 4.719371 2.629789 6.949568 5.438867 7.523203 5.773202 3.995866 5.251806 5.811720 5.188459 3.142410 2.605136 4.647586 7.192931 4.015556 3.478945 
clusters[10] = 3.439420 4.430854 3.582022 5.192193 6.938449 3.959568 4.845187 5.936069 7.102443 7.307745 3.281081 6.936528 3.224500 6.223324 3.931917 6.835327 
clusters[11] = 3.428920 5.517449 3.579583 6.108808 2.792697 6.200348 6.797617 4.779535 4.390813 7.245515 3.189772 4.055138 6.603790 3.666835 2.919870 6.614970 
clusters[12] = 3.649261 6.642001 6.556141 6.871287 3.306168 3.979289 3.804618 6.216936 3.683097 2.768943 3.217328 3.575964 6.668082 4.512083 3.316296 3.620030 
clusters[13] = 4.701028 3.126234 3.074367 4.576653 3.590308 7.027722 6.420641 7.198946 5.470604 3.319400 5.402637 2.999231 3.009455 4.331698 5.798539 6.858075 
clusters[14] = 5.481199 3.581125 6.654427 6.053328 2.764212 4.571352 3.012669 6.950421 4.010817 6.752112 5.189355 3.339527 3.435150 3.296553 6.771672 3.547068 
clusters[15] = 5.347659 6.454663 7.525029 4.916424 4.267081 7.436911 4.825404 7.423692 6.281663 4.770139 5.482802 4.335128 6.994788 7.159336 6.182416 6.585636 
clusters[16] = 4.150052 6.426984 2.955982 3.639030 4.498411 3.802958 6.034992 7.350220 6.500068 6.267068 7.100925 2.888640 6.484116 5.328454 5.749487 2.957916 
clusters[17] = 5.241159 3.340587 5.293481 3.102750 3.973354 3.488397 4.006401 3.014553 7.180771 6.966253 6.783565 2.877146 3.756846 4.460214 4.446465 6.664494 
clusters[18] = 5.006209 3.967004 6.798041 5.872313 6.993611 4.827913 6.352785 7.129796 2.859259 6.378219 6.562410 5.076042 6.568771 3.005129 3.697383 7.098524 
clusters[19] = 5.274477 4.199414 3.454485 3.688511 5.971478 3.482451 3.553588 3.209952 2.797177 3.101012 6.985973 3.747836 6.603118 3.479058 3.181995 3.983694 
clusters[20] = 6.879363 6.978765 6.024861 5.224587 6.407308 6.958994 4.343660 3.328413 4.115156 4.558510 3.138391 4.137419 2.933528 3.150562 2.849141 6.320299 
clusters[21] = 5.483875 3.496782 3.335512 5.913706 6.261598 3.302347 7.273561 3.322327 4.041870 3.861237 3.304652 3.512737 3.334932 3.640654 6.729600 3.401026 
clusters[22] = 6.160133 4.046946 3.659117 3.260542 2.904373 7.057369 3.492230 3.137485 4.265294 4.151717 3.140355 5.967071 7.060650 4.919150 6.039643 7.003453 
clusters[23] = 7.023402 6.779015 6.996850 3.461830 3.245968 3.945637 7.036337 2.933584 5.725302 5.730657 4.034759 4.719570 6.301844 4.903689 6.797272 3.285686 
clusters[24] = 0.000007 0.000003 0.000010 0.000005 0.000005 0.000003 0.000005 0.000005 0.000004 0.000002 0.000004 0.000004 0.000004 0.000001 0.000004 0.000004 
clusters[25] = 7.073940 3.612577 4.082389 6.325921 5.336444 7.018498 6.052820 4.510973 7.151182 6.910429 5.562657 6.291489 5.892913 3.243885 3.412275 2.685620 
clusters[26] = 6.855905 4.693331 6.148020 6.098178 5.132694 3.044346 3.127612 4.940500 7.611081 3.328109 5.893746 6.561902 6.967830 3.646962 3.443765 6.257648 
clusters[27] = 6.635755 4.750635 3.111105 5.932248 4.752441 7.332536 4.329126 6.194593 2.592756 4.312624 6.039026 6.009610 3.818136 7.389794 3.556256 3.033251 
clusters[28] = 7.126813 6.978484 5.320921 6.805924 4.538362 2.779437 6.889489 6.116103 4.613800 5.624221 6.808073 4.299257 3.105848 6.971625 3.353937 5.632080 
clusters[29] = 6.498735 3.375281 5.740588 2.701933 7.056884 6.473406 3.417241 5.239666 4.010018 5.596638 7.526857 6.994172 4.484454 5.706369 7.130044 5.671344 
clusters[30] = 6.890266 5.782467 3.088361 3.483366 6.738200 4.193649 4.971701 6.894354 3.468459 6.828522 2.539252 6.441713 6.943323 4.943240 5.511888 3.631349 
clusters[31] = 6.703122 6.486454 5.068865 3.811450 5.663887 2.581865 3.330547 6.332309 4.742141 2.764404 3.249429 5.316234 3.005982 5.802938 6.871773 6.685990 
Running with 16 MPI processes
dataset_size = 256.00 MB    numObjs = 2097152    numCoords = 16    numClusters = 32
        nloops =  10   (total =  1.8586s)  (per loop =  0.1859s)
Final cluster centers:
clusters[0] = 2.798273 6.428418 6.887084 2.641279 6.578048 5.920273 5.856987 6.828082 5.740315 4.152650 4.258947 5.759435 3.737617 2.801071 4.918962 3.132760 
clusters[1] = 3.552150 2.833832 3.819336 5.002143 3.780558 2.975724 6.883406 6.894665 5.389855 2.843641 3.989310 6.620735 6.952196 6.710022 5.312712 5.372720 
clusters[2] = 3.783895 4.782357 4.598741 4.778968 2.655243 6.114644 3.381152 3.065690 7.505885 3.798322 3.974275 5.957004 3.193824 6.781485 4.163973 2.655234 
clusters[3] = 2.895131 5.184623 6.642441 2.911651 3.432307 3.697879 5.629934 3.435761 2.354961 6.087487 5.286562 6.179381 3.324253 6.583479 3.507887 5.595165 
clusters[4] = 3.923963 6.960055 3.569463 6.750576 6.304470 5.367795 2.946484 3.342394 4.208555 6.590344 4.858193 2.828338 5.543620 5.710061 7.335562 6.581658 
clusters[5] = 2.949266 3.543615 6.357132 6.797474 5.672469 4.035328 4.438308 3.286090 4.017342 6.651622 5.530431 7.006169 7.250884 5.557873 6.914188 3.152761 
clusters[6] = 4.800177 4.195654 7.428669 7.073124 4.813012 6.317592 7.180347 3.088254 5.399177 3.304828 6.028810 6.715615 3.315453 4.370459 6.772780 6.480089 
clusters[7] = 3.544625 7.174574 2.723750 6.684136 3.963811 5.073094 3.740740 5.368416 5.286353 4.477932 7.030222 7.369288 3.587659 2.816340 6.278289 4.500959 
clusters[8] = 3.463901 6.573538 3.934404 4.060445 7.134895 6.332542 6.882344 2.805445 6.605462 3.457944 6.639670 4.187313 6.542631 6.699671 4.178244 5.782887 
clusters[9] = 4.719371 2.629789 6.949568 5.438867 7.523203 5.773202 3.995866 5.251806 5.811720 5.188459 3.142410 2.605136 4.647586 7.192931 4.015556 3.478945 
clusters[10] = 3.439420 4.430854 3.582022 5.192193 6.938449 3.959568 4.845187 5.936069 7.102443 7.307745 3.281081 6.936528 3.224500 6.223324 3.931917 6.835327 
clusters[11] = 3.428920 5.517449 3.579583 6.108808 2.792697 6.200348 6.797617 4.779535 4.390813 7.245515 3.189772 4.055138 6.603790 3.666835 2.919870 6.614970 
clusters[12] = 3.649261 6.642001 6.556141 6.871287 3.306168 3.979289 3.804618 6.216936 3.683097 2.768943 3.217328 3.575964 6.668082 4.512083 3.316296 3.620030 
clusters[13] = 4.701028 3.126234 3.074367 4.576653 3.590308 7.027722 6.420641 7.198946 5.470604 3.319400 5.402637 2.999231 3.009455 4.331698 5.798539 6.858075 
clusters[14] = 5.481199 3.581125 6.654427 6.053328 2.764212 4.571352 3.012669 6.950421 4.010817 6.752112 5.189355 3.339527 3.435150 3.296553 6.771672 3.547068 
clusters[15] = 5.347659 6.454663 7.525029 4.916424 4.267081 7.436911 4.825404 7.423692 6.281663 4.770139 5.482802 4.335128 6.994788 7.159336 6.182416 6.585636 
clusters[16] = 4.150052 6.426984 2.955982 3.639030 4.498411 3.802958 6.034992 7.350220 6.500068 6.267068 7.100925 2.888640 6.484116 5.328454 5.749487 2.957916 
clusters[17] = 5.241159 3.340587 5.293481 3.102750 3.973354 3.488397 4.006401 3.014553 7.180771 6.966253 6.783565 2.877146 3.756846 4.460214 4.446465 6.664494 
clusters[18] = 5.006209 3.967004 6.798041 5.872313 6.993611 4.827913 6.352785 7.129796 2.859259 6.378219 6.562410 5.076042 6.568771 3.005129 3.697383 7.098524 
clusters[19] = 5.274477 4.199414 3.454485 3.688511 5.971478 3.482451 3.553588 3.209952 2.797177 3.101012 6.985973 3.747836 6.603118 3.479058 3.181995 3.983694 
clusters[20] = 6.879363 6.978765 6.024861 5.224587 6.407308 6.958994 4.343660 3.328413 4.115156 4.558510 3.138391 4.137419 2.933528 3.150562 2.849141 6.320299 
clusters[21] = 5.483875 3.496782 3.335512 5.913706 6.261598 3.302347 7.273561 3.322327 4.041870 3.861237 3.304652 3.512737 3.334932 3.640654 6.729600 3.401026 
clusters[22] = 6.160133 4.046946 3.659117 3.260542 2.904373 7.057369 3.492230 3.137485 4.265294 4.151717 3.140355 5.967071 7.060650 4.919150 6.039643 7.003453 
clusters[23] = 7.023402 6.779015 6.996850 3.461830 3.245968 3.945637 7.036337 2.933584 5.725302 5.730657 4.034759 4.719570 6.301844 4.903689 6.797272 3.285686 
clusters[24] = 0.000007 0.000003 0.000010 0.000005 0.000005 0.000003 0.000005 0.000005 0.000004 0.000002 0.000004 0.000004 0.000004 0.000001 0.000004 0.000004 
clusters[25] = 7.073940 3.612577 4.082389 6.325921 5.336444 7.018498 6.052820 4.510973 7.151182 6.910429 5.562657 6.291489 5.892913 3.243885 3.412275 2.685620 
clusters[26] = 6.855905 4.693331 6.148020 6.098178 5.132694 3.044346 3.127612 4.940500 7.611081 3.328109 5.893746 6.561902 6.967830 3.646962 3.443765 6.257648 
clusters[27] = 6.635755 4.750635 3.111105 5.932248 4.752441 7.332536 4.329126 6.194593 2.592756 4.312624 6.039026 6.009610 3.818136 7.389794 3.556256 3.033251 
clusters[28] = 7.126813 6.978484 5.320921 6.805924 4.538362 2.779437 6.889489 6.116103 4.613800 5.624221 6.808073 4.299257 3.105848 6.971625 3.353937 5.632080 
clusters[29] = 6.498735 3.375281 5.740588 2.701933 7.056884 6.473406 3.417241 5.239666 4.010018 5.596638 7.526857 6.994172 4.484454 5.706369 7.130044 5.671344 
clusters[30] = 6.890266 5.782467 3.088361 3.483366 6.738200 4.193649 4.971701 6.894354 3.468459 6.828522 2.539252 6.441713 6.943323 4.943240 5.511888 3.631349 
clusters[31] = 6.703122 6.486454 5.068865 3.811450 5.663887 2.581865 3.330547 6.332309 4.742141 2.764404 3.249429 5.316234 3.005982 5.802938 6.871773 6.685990 
Running with 32 MPI processes
dataset_size = 256.00 MB    numObjs = 2097152    numCoords = 16    numClusters = 32
        nloops =  10   (total =  0.9409s)  (per loop =  0.0941s)
Final cluster centers:
clusters[0] = 2.798273 6.428418 6.887084 2.641279 6.578048 5.920273 5.856987 6.828082 5.740315 4.152650 4.258947 5.759435 3.737617 2.801071 4.918962 3.132760 
clusters[1] = 3.552150 2.833832 3.819336 5.002143 3.780558 2.975724 6.883406 6.894665 5.389855 2.843641 3.989310 6.620735 6.952196 6.710022 5.312712 5.372720 
clusters[2] = 3.783895 4.782357 4.598741 4.778968 2.655243 6.114644 3.381152 3.065690 7.505885 3.798322 3.974275 5.957004 3.193824 6.781485 4.163973 2.655234 
clusters[3] = 2.895131 5.184623 6.642441 2.911651 3.432307 3.697879 5.629934 3.435761 2.354961 6.087487 5.286562 6.179381 3.324253 6.583479 3.507887 5.595165 
clusters[4] = 3.923963 6.960055 3.569463 6.750576 6.304470 5.367795 2.946484 3.342394 4.208555 6.590344 4.858193 2.828338 5.543620 5.710061 7.335562 6.581658 
clusters[5] = 2.949266 3.543615 6.357132 6.797474 5.672469 4.035328 4.438308 3.286090 4.017342 6.651622 5.530431 7.006169 7.250884 5.557873 6.914188 3.152761 
clusters[6] = 4.800177 4.195654 7.428669 7.073124 4.813012 6.317592 7.180347 3.088254 5.399177 3.304828 6.028810 6.715615 3.315453 4.370459 6.772780 6.480089 
clusters[7] = 3.544625 7.174574 2.723750 6.684136 3.963811 5.073094 3.740740 5.368416 5.286353 4.477932 7.030222 7.369288 3.587659 2.816340 6.278289 4.500959 
clusters[8] = 3.463901 6.573538 3.934404 4.060445 7.134895 6.332542 6.882344 2.805445 6.605462 3.457944 6.639670 4.187313 6.542631 6.699671 4.178244 5.782887 
clusters[9] = 4.719371 2.629789 6.949568 5.438867 7.523203 5.773202 3.995866 5.251806 5.811720 5.188459 3.142410 2.605136 4.647586 7.192931 4.015556 3.478945 
clusters[10] = 3.439420 4.430854 3.582022 5.192193 6.938449 3.959568 4.845187 5.936069 7.102443 7.307745 3.281081 6.936528 3.224500 6.223324 3.931917 6.835327 
clusters[11] = 3.428920 5.517449 3.579583 6.108808 2.792697 6.200348 6.797617 4.779535 4.390813 7.245515 3.189772 4.055138 6.603790 3.666835 2.919870 6.614970 
clusters[12] = 3.649261 6.642001 6.556141 6.871287 3.306168 3.979289 3.804618 6.216936 3.683097 2.768943 3.217328 3.575964 6.668082 4.512083 3.316296 3.620030 
clusters[13] = 4.701028 3.126234 3.074367 4.576653 3.590308 7.027722 6.420641 7.198946 5.470604 3.319400 5.402637 2.999231 3.009455 4.331698 5.798539 6.858075 
clusters[14] = 5.481199 3.581125 6.654427 6.053328 2.764212 4.571352 3.012669 6.950421 4.010817 6.752112 5.189355 3.339527 3.435150 3.296553 6.771672 3.547068 
clusters[15] = 5.347659 6.454663 7.525029 4.916424 4.267081 7.436911 4.825404 7.423692 6.281663 4.770139 5.482802 4.335128 6.994788 7.159336 6.182416 6.585636 
clusters[16] = 4.150052 6.426984 2.955982 3.639030 4.498411 3.802958 6.034992 7.350220 6.500068 6.267068 7.100925 2.888640 6.484116 5.328454 5.749487 2.957916 
clusters[17] = 5.241159 3.340587 5.293481 3.102750 3.973354 3.488397 4.006401 3.014553 7.180771 6.966253 6.783565 2.877146 3.756846 4.460214 4.446465 6.664494 
clusters[18] = 5.006209 3.967004 6.798041 5.872313 6.993611 4.827913 6.352785 7.129796 2.859259 6.378219 6.562410 5.076042 6.568771 3.005129 3.697383 7.098524 
clusters[19] = 5.274477 4.199414 3.454485 3.688511 5.971478 3.482451 3.553588 3.209952 2.797177 3.101012 6.985973 3.747836 6.603118 3.479058 3.181995 3.983694 
clusters[20] = 6.879363 6.978765 6.024861 5.224587 6.407308 6.958994 4.343660 3.328413 4.115156 4.558510 3.138391 4.137419 2.933528 3.150562 2.849141 6.320299 
clusters[21] = 5.483875 3.496782 3.335512 5.913706 6.261598 3.302347 7.273561 3.322327 4.041870 3.861237 3.304652 3.512737 3.334932 3.640654 6.729600 3.401026 
clusters[22] = 6.160133 4.046946 3.659117 3.260542 2.904373 7.057369 3.492230 3.137485 4.265294 4.151717 3.140355 5.967071 7.060650 4.919150 6.039643 7.003453 
clusters[23] = 7.023402 6.779015 6.996850 3.461830 3.245968 3.945637 7.036337 2.933584 5.725302 5.730657 4.034759 4.719570 6.301844 4.903689 6.797272 3.285686 
clusters[24] = 0.000007 0.000003 0.000010 0.000005 0.000005 0.000003 0.000005 0.000005 0.000004 0.000002 0.000004 0.000004 0.000004 0.000001 0.000004 0.000004 
clusters[25] = 7.073940 3.612577 4.082389 6.325921 5.336444 7.018498 6.052820 4.510973 7.151182 6.910429 5.562657 6.291489 5.892913 3.243885 3.412275 2.685620 
clusters[26] = 6.855905 4.693331 6.148020 6.098178 5.132694 3.044346 3.127612 4.940500 7.611081 3.328109 5.893746 6.561902 6.967830 3.646962 3.443765 6.257648 
clusters[27] = 6.635755 4.750635 3.111105 5.932248 4.752441 7.332536 4.329126 6.194593 2.592756 4.312624 6.039026 6.009610 3.818136 7.389794 3.556256 3.033251 
clusters[28] = 7.126813 6.978484 5.320921 6.805924 4.538362 2.779437 6.889489 6.116103 4.613800 5.624221 6.808073 4.299257 3.105848 6.971625 3.353937 5.632080 
clusters[29] = 6.498735 3.375281 5.740588 2.701933 7.056884 6.473406 3.417241 5.239666 4.010018 5.596638 7.526857 6.994172 4.484454 5.706369 7.130044 5.671344 
clusters[30] = 6.890266 5.782467 3.088361 3.483366 6.738200 4.193649 4.971701 6.894354 3.468459 6.828522 2.539252 6.441713 6.943323 4.943240 5.511888 3.631349 
clusters[31] = 6.703122 6.486454 5.068865 3.811450 5.663887 2.581865 3.330547 6.332309 4.742141 2.764404 3.249429 5.316234 3.005982 5.802938 6.871773 6.685990 
Running with 64 MPI processes
dataset_size = 256.00 MB    numObjs = 2097152    numCoords = 16    numClusters = 32
        nloops =  10   (total =  0.4856s)  (per loop =  0.0486s)
Final cluster centers:
clusters[0] = 2.798273 6.428418 6.887084 2.641279 6.578048 5.920273 5.856987 6.828082 5.740315 4.152650 4.258947 5.759435 3.737617 2.801071 4.918962 3.132760 
clusters[1] = 3.552150 2.833832 3.819336 5.002143 3.780558 2.975724 6.883406 6.894665 5.389855 2.843641 3.989310 6.620735 6.952196 6.710022 5.312712 5.372720 
clusters[2] = 3.783895 4.782357 4.598741 4.778968 2.655243 6.114644 3.381152 3.065690 7.505885 3.798322 3.974275 5.957004 3.193824 6.781485 4.163973 2.655234 
clusters[3] = 2.895131 5.184623 6.642441 2.911651 3.432307 3.697879 5.629934 3.435761 2.354961 6.087487 5.286562 6.179381 3.324253 6.583479 3.507887 5.595165 
clusters[4] = 3.923963 6.960055 3.569463 6.750576 6.304470 5.367795 2.946484 3.342394 4.208555 6.590344 4.858193 2.828338 5.543620 5.710061 7.335562 6.581658 
clusters[5] = 2.949266 3.543615 6.357132 6.797474 5.672469 4.035328 4.438308 3.286090 4.017342 6.651622 5.530431 7.006169 7.250884 5.557873 6.914188 3.152761 
clusters[6] = 4.800177 4.195654 7.428669 7.073124 4.813012 6.317592 7.180347 3.088254 5.399177 3.304828 6.028810 6.715615 3.315453 4.370459 6.772780 6.480089 
clusters[7] = 3.544625 7.174574 2.723750 6.684136 3.963811 5.073094 3.740740 5.368416 5.286353 4.477932 7.030222 7.369288 3.587659 2.816340 6.278289 4.500959 
clusters[8] = 3.463901 6.573538 3.934404 4.060445 7.134895 6.332542 6.882344 2.805445 6.605462 3.457944 6.639670 4.187313 6.542631 6.699671 4.178244 5.782887 
clusters[9] = 4.719371 2.629789 6.949568 5.438867 7.523203 5.773202 3.995866 5.251806 5.811720 5.188459 3.142410 2.605136 4.647586 7.192931 4.015556 3.478945 
clusters[10] = 3.439420 4.430854 3.582022 5.192193 6.938449 3.959568 4.845187 5.936069 7.102443 7.307745 3.281081 6.936528 3.224500 6.223324 3.931917 6.835327 
clusters[11] = 3.428920 5.517449 3.579583 6.108808 2.792697 6.200348 6.797617 4.779535 4.390813 7.245515 3.189772 4.055138 6.603790 3.666835 2.919870 6.614970 
clusters[12] = 3.649261 6.642001 6.556141 6.871287 3.306168 3.979289 3.804618 6.216936 3.683097 2.768943 3.217328 3.575964 6.668082 4.512083 3.316296 3.620030 
clusters[13] = 4.701028 3.126234 3.074367 4.576653 3.590308 7.027722 6.420641 7.198946 5.470604 3.319400 5.402637 2.999231 3.009455 4.331698 5.798539 6.858075 
clusters[14] = 5.481199 3.581125 6.654427 6.053328 2.764212 4.571352 3.012669 6.950421 4.010817 6.752112 5.189355 3.339527 3.435150 3.296553 6.771672 3.547068 
clusters[15] = 5.347659 6.454663 7.525029 4.916424 4.267081 7.436911 4.825404 7.423692 6.281663 4.770139 5.482802 4.335128 6.994788 7.159336 6.182416 6.585636 
clusters[16] = 4.150052 6.426984 2.955982 3.639030 4.498411 3.802958 6.034992 7.350220 6.500068 6.267068 7.100925 2.888640 6.484116 5.328454 5.749487 2.957916 
clusters[17] = 5.241159 3.340587 5.293481 3.102750 3.973354 3.488397 4.006401 3.014553 7.180771 6.966253 6.783565 2.877146 3.756846 4.460214 4.446465 6.664494 
clusters[18] = 5.006209 3.967004 6.798041 5.872313 6.993611 4.827913 6.352785 7.129796 2.859259 6.378219 6.562410 5.076042 6.568771 3.005129 3.697383 7.098524 
clusters[19] = 5.274477 4.199414 3.454485 3.688511 5.971478 3.482451 3.553588 3.209952 2.797177 3.101012 6.985973 3.747836 6.603118 3.479058 3.181995 3.983694 
clusters[20] = 6.879363 6.978765 6.024861 5.224587 6.407308 6.958994 4.343660 3.328413 4.115156 4.558510 3.138391 4.137419 2.933528 3.150562 2.849141 6.320299 
clusters[21] = 5.483875 3.496782 3.335512 5.913706 6.261598 3.302347 7.273561 3.322327 4.041870 3.861237 3.304652 3.512737 3.334932 3.640654 6.729600 3.401026 
clusters[22] = 6.160133 4.046946 3.659117 3.260542 2.904373 7.057369 3.492230 3.137485 4.265294 4.151717 3.140355 5.967071 7.060650 4.919150 6.039643 7.003453 
clusters[23] = 7.023402 6.779015 6.996850 3.461830 3.245968 3.945637 7.036337 2.933584 5.725302 5.730657 4.034759 4.719570 6.301844 4.903689 6.797272 3.285686 
clusters[24] = 0.000007 0.000003 0.000010 0.000005 0.000005 0.000003 0.000005 0.000005 0.000004 0.000002 0.000004 0.000004 0.000004 0.000001 0.000004 0.000004 
clusters[25] = 7.073940 3.612577 4.082389 6.325921 5.336444 7.018498 6.052820 4.510973 7.151182 6.910429 5.562657 6.291489 5.892913 3.243885 3.412275 2.685620 
clusters[26] = 6.855905 4.693331 6.148020 6.098178 5.132694 3.044346 3.127612 4.940500 7.611081 3.328109 5.893746 6.561902 6.967830 3.646962 3.443765 6.257648 
clusters[27] = 6.635755 4.750635 3.111105 5.932248 4.752441 7.332536 4.329126 6.194593 2.592756 4.312624 6.039026 6.009610 3.818136 7.389794 3.556256 3.033251 
clusters[28] = 7.126813 6.978484 5.320921 6.805924 4.538362 2.779437 6.889489 6.116103 4.613800 5.624221 6.808073 4.299257 3.105848 6.971625 3.353937 5.632080 
clusters[29] = 6.498735 3.375281 5.740588 2.701933 7.056884 6.473406 3.417241 5.239666 4.010018 5.596638 7.526857 6.994172 4.484454 5.706369 7.130044 5.671344 
clusters[30] = 6.890266 5.782467 3.088361 3.483366 6.738200 4.193649 4.971701 6.894354 3.468459 6.828522 2.539252 6.441713 6.943323 4.943240 5.511888 3.631349 
clusters[31] = 6.703122 6.486454 5.068865 3.811450 5.663887 2.581865 3.330547 6.332309 4.742141 2.764404 3.249429 5.316234 3.005982 5.802938 6.871773 6.685990 
