Iteration: 3, Size: 2048, Threads: 1
GaussSeidelSOR X 2048 Y 2048 Px 1 Py 1 Iter 256 ComputationTime 12.116447 TotalTime 12.116889 midpoint 0.849018
Iteration: 3, Size: 2048, Threads: 2
GaussSeidelSOR X 2048 Y 2048 Px 1 Py 2 Iter 256 ComputationTime 6.069383 TotalTime 12.431921 midpoint 0.849018
Iteration: 3, Size: 2048, Threads: 4
GaussSeidelSOR X 2048 Y 2048 Px 2 Py 2 Iter 256 ComputationTime 3.034486 TotalTime 6.311768 midpoint 0.849018
Iteration: 3, Size: 2048, Threads: 8
GaussSeidelSOR X 2048 Y 2048 Px 2 Py 4 Iter 256 ComputationTime 1.517640 TotalTime 3.327055 midpoint 0.849018
Iteration: 3, Size: 2048, Threads: 16
GaussSeidelSOR X 2048 Y 2048 Px 4 Py 4 Iter 256 ComputationTime 0.845029 TotalTime 1.853168 midpoint 0.849018
Iteration: 3, Size: 2048, Threads: 32
GaussSeidelSOR X 2048 Y 2048 Px 4 Py 8 Iter 256 ComputationTime 0.381653 TotalTime 0.974351 midpoint 0.849018
Iteration: 3, Size: 2048, Threads: 64
GaussSeidelSOR X 2048 Y 2048 Px 8 Py 8 Iter 256 ComputationTime 0.197994 TotalTime 0.560132 midpoint 0.849018
Iteration: 3, Size: 4096, Threads: 1
GaussSeidelSOR X 4096 Y 4096 Px 1 Py 1 Iter 256 ComputationTime 48.488150 TotalTime 48.488662 midpoint 0.900935
Iteration: 3, Size: 4096, Threads: 2
GaussSeidelSOR X 4096 Y 4096 Px 1 Py 2 Iter 256 ComputationTime 24.259192 TotalTime 48.993025 midpoint 0.900935
Iteration: 3, Size: 4096, Threads: 4
GaussSeidelSOR X 4096 Y 4096 Px 2 Py 2 Iter 256 ComputationTime 12.131591 TotalTime 24.633076 midpoint 0.900935
Iteration: 3, Size: 4096, Threads: 8
GaussSeidelSOR X 4096 Y 4096 Px 2 Py 4 Iter 256 ComputationTime 6.086828 TotalTime 12.669601 midpoint 0.900935
Iteration: 3, Size: 4096, Threads: 16
GaussSeidelSOR X 4096 Y 4096 Px 4 Py 4 Iter 256 ComputationTime 3.714574 TotalTime 7.267084 midpoint 0.900935
Iteration: 3, Size: 4096, Threads: 32
GaussSeidelSOR X 4096 Y 4096 Px 4 Py 8 Iter 256 ComputationTime 1.899326 TotalTime 3.990907 midpoint 0.900935
Iteration: 3, Size: 4096, Threads: 64
GaussSeidelSOR X 4096 Y 4096 Px 8 Py 8 Iter 256 ComputationTime 1.724102 TotalTime 3.637430 midpoint 0.900935
Iteration: 3, Size: 6144, Threads: 1
GaussSeidelSOR X 6144 Y 6144 Px 1 Py 1 Iter 256 ComputationTime 109.099566 TotalTime 109.100116 midpoint 0.942706
Iteration: 3, Size: 6144, Threads: 2
GaussSeidelSOR X 6144 Y 6144 Px 1 Py 2 Iter 256 ComputationTime 54.585741 TotalTime 109.849127 midpoint 0.942706
Iteration: 3, Size: 6144, Threads: 4
GaussSeidelSOR X 6144 Y 6144 Px 2 Py 2 Iter 256 ComputationTime 27.292786 TotalTime 55.169672 midpoint 0.942706
Iteration: 3, Size: 6144, Threads: 8
GaussSeidelSOR X 6144 Y 6144 Px 2 Py 4 Iter 256 ComputationTime 13.690069 TotalTime 28.083331 midpoint 0.942706
Iteration: 3, Size: 6144, Threads: 16
GaussSeidelSOR X 6144 Y 6144 Px 4 Py 4 Iter 256 ComputationTime 8.417679 TotalTime 16.179680 midpoint 0.942706
Iteration: 3, Size: 6144, Threads: 32
GaussSeidelSOR X 6144 Y 6144 Px 4 Py 8 Iter 256 ComputationTime 4.346483 TotalTime 8.931031 midpoint 0.942706
Iteration: 3, Size: 6144, Threads: 64
--------------------------------------------------------------------------
mpirun noticed that process rank 15 with PID 32270 on node clone10 exited on signal 9 (Killed).
--------------------------------------------------------------------------
3 total processes killed (some possibly by mpirun during cleanup)
