Iteration: -, Size: 2048, Threads: 1
Jacobi X 2048 Y 2048 Px 1 Py 1 Iter 256 ComputationTime 8.416298 TotalTime 8.416600 midpoint 0.000000
Iteration: -, Size: 2048, Threads: 2
Jacobi X 2048 Y 2048 Px 1 Py 2 Iter 256 ComputationTime 4.217233 TotalTime 4.349238 midpoint 0.000000
Iteration: -, Size: 2048, Threads: 4
Jacobi X 2048 Y 2048 Px 2 Py 2 Iter 256 ComputationTime 2.110287 TotalTime 2.220383 midpoint 0.000000
Iteration: -, Size: 2048, Threads: 8
Jacobi X 2048 Y 2048 Px 2 Py 4 Iter 256 ComputationTime 1.057663 TotalTime 1.172857 midpoint 0.000000
Iteration: -, Size: 2048, Threads: 16
Jacobi X 2048 Y 2048 Px 4 Py 4 Iter 256 ComputationTime 0.848479 TotalTime 0.904621 midpoint 0.000000
Iteration: -, Size: 2048, Threads: 32
Jacobi X 2048 Y 2048 Px 4 Py 8 Iter 256 ComputationTime 0.399457 TotalTime 0.456416 midpoint 0.000000
Iteration: -, Size: 2048, Threads: 64
Jacobi X 2048 Y 2048 Px 8 Py 8 Iter 256 ComputationTime 0.055557 TotalTime 0.133290 midpoint 0.000000
Iteration: -, Size: 4096, Threads: 1
Jacobi X 4096 Y 4096 Px 1 Py 1 Iter 256 ComputationTime 33.660991 TotalTime 33.661404 midpoint 0.000000
Iteration: -, Size: 4096, Threads: 2
Jacobi X 4096 Y 4096 Px 1 Py 2 Iter 256 ComputationTime 16.856854 TotalTime 17.066986 midpoint 0.000000
Iteration: -, Size: 4096, Threads: 4
Jacobi X 4096 Y 4096 Px 2 Py 2 Iter 256 ComputationTime 8.434829 TotalTime 8.590233 midpoint 0.000000
Iteration: -, Size: 4096, Threads: 8
Jacobi X 4096 Y 4096 Px 2 Py 4 Iter 256 ComputationTime 4.325893 TotalTime 4.419932 midpoint 0.000000
Iteration: -, Size: 4096, Threads: 16
Jacobi X 4096 Y 4096 Px 4 Py 4 Iter 256 ComputationTime 3.703490 TotalTime 3.820616 midpoint 0.000000
Iteration: -, Size: 4096, Threads: 32
Jacobi X 4096 Y 4096 Px 4 Py 8 Iter 256 ComputationTime 3.682798 TotalTime 3.806397 midpoint 0.000000
Iteration: -, Size: 4096, Threads: 64
Jacobi X 4096 Y 4096 Px 8 Py 8 Iter 256 ComputationTime 3.304437 TotalTime 3.483611 midpoint 0.000000
Iteration: -, Size: 6144, Threads: 1
Jacobi X 6144 Y 6144 Px 1 Py 1 Iter 256 ComputationTime 75.738029 TotalTime 75.738481 midpoint 0.000000
Iteration: -, Size: 6144, Threads: 2
Jacobi X 6144 Y 6144 Px 1 Py 2 Iter 256 ComputationTime 37.973181 TotalTime 38.243884 midpoint 0.000000
Iteration: -, Size: 6144, Threads: 4
Jacobi X 6144 Y 6144 Px 2 Py 2 Iter 256 ComputationTime 18.982596 TotalTime 19.185932 midpoint 0.000000
Iteration: -, Size: 6144, Threads: 8
Jacobi X 6144 Y 6144 Px 2 Py 4 Iter 256 ComputationTime 9.728020 TotalTime 9.837200 midpoint 0.000000
Iteration: -, Size: 6144, Threads: 16
Jacobi X 6144 Y 6144 Px 4 Py 4 Iter 256 ComputationTime 8.370219 TotalTime 8.522844 midpoint 0.000000
Iteration: -, Size: 6144, Threads: 32
Jacobi X 6144 Y 6144 Px 4 Py 8 Iter 256 ComputationTime 8.420634 TotalTime 8.572458 midpoint 0.000000
Iteration: -, Size: 6144, Threads: 64
--------------------------------------------------------------------------
mpirun noticed that process rank 15 with PID 22884 on node clone10 exited on signal 9 (Killed).
--------------------------------------------------------------------------
5 total processes killed (some possibly by mpirun during cleanup)
