gcc -Wall -Wextra -Wno-unused -O3 -c main.c -o main.o
gcc -Wall -Wextra -Wno-unused -O3 -c file_io.c -o file_io.o
gcc -Wall -Wextra -Wno-unused -O3 -c util.c -o util.o
gcc -fopenmp -Wall -Wextra -Wno-unused -O3 -c omp_naive_kmeans.c -o omp_naive_kmeans.o
gcc -fopenmp -Wall -Wextra -Wno-unused -O3 main.o file_io.o util.o omp_naive_kmeans.o -o kmeans_omp_naive 
gcc -fopenmp -Wall -Wextra -Wno-unused -O3 -c omp_critical_kmeans.c -o omp_critical_kmeans.o
gcc -fopenmp -Wall -Wextra -Wno-unused -O3 main.o file_io.o util.o omp_critical_kmeans.o -o kmeans_omp_critical 
gcc -fopenmp -Wall -Wextra -Wno-unused -O3 -I./locks -c omp_lock_kmeans.c -o omp_lock_kmeans.o
gcc -Wall -Wextra -Wno-unused -O3 -pthread -I./locks -c locks/nosync_lock.c -o locks/nosync_lock.o	
gcc -fopenmp -Wall -Wextra -Wno-unused -O3 -pthread main.o file_io.o util.o omp_lock_kmeans.o locks/nosync_lock.o -o kmeans_omp_nosync_lock 
gcc -Wall -Wextra -Wno-unused -O3 -pthread -I./locks -c locks/pthread_mutex_lock.c -o locks/pthread_mutex_lock.o	
gcc -fopenmp -Wall -Wextra -Wno-unused -O3 -pthread main.o file_io.o util.o omp_lock_kmeans.o locks/pthread_mutex_lock.o -o kmeans_omp_pthread_mutex_lock 
gcc -Wall -Wextra -Wno-unused -O3 -pthread -I./locks -c locks/pthread_spin_lock.c -o locks/pthread_spin_lock.o	
gcc -fopenmp -Wall -Wextra -Wno-unused -O3 -pthread main.o file_io.o util.o omp_lock_kmeans.o locks/pthread_spin_lock.o -o kmeans_omp_pthread_spin_lock 
gcc -Wall -Wextra -Wno-unused -O3 -I./locks -c locks/tas_lock.c -o locks/tas_lock.o	
gcc -fopenmp -Wall -Wextra -Wno-unused -O3 main.o file_io.o util.o omp_lock_kmeans.o locks/tas_lock.o -o kmeans_omp_tas_lock 
gcc -Wall -Wextra -Wno-unused -O3 -I./locks -c locks/ttas_lock.c -o locks/ttas_lock.o	
gcc -fopenmp -Wall -Wextra -Wno-unused -O3 main.o file_io.o util.o omp_lock_kmeans.o locks/ttas_lock.o -o kmeans_omp_ttas_lock 
gcc -Wall -Wextra -Wno-unused -O3 -I./locks -c locks/array_lock.c -o locks/array_lock.o	
gcc -fopenmp -Wall -Wextra -Wno-unused -O3 main.o file_io.o util.o omp_lock_kmeans.o locks/array_lock.o -o kmeans_omp_array_lock 
gcc -Wall -Wextra -Wno-unused -O3 -I./locks -c locks/clh_lock.c -o locks/clh_lock.o	
gcc -fopenmp -Wall -Wextra -Wno-unused -O3 main.o file_io.o util.o omp_lock_kmeans.o locks/clh_lock.o -o kmeans_omp_clh_lock 
